000 (3368205.000.000) 2025-12-16 12:26:32 Job submitted from host: <155.230.20.251:9618?addrs=155.230.20.251-9618&alias=cms.knu.ac.kr&noUDP&sock=schedd_1657_2484>
...
001 (3368205.000.000) 2025-12-16 12:26:40 Job executing on host: <155.230.21.129:9618?addrs=155.230.21.129-9618+[2407-c000-c025--21-129]-9618&alias=cluster329.knu.ac.kr&noUDP&sock=startd_2299_8052>
	SlotName: slot2_1@cluster329.knu.ac.kr
	AvailableGPUs = { GPUs_GPU_4f5546e5 }
	CondorScratchDir = "/home/condor/dir_2182525"
	Cpus = 1
	Disk = 1050374
	GPUs = 1
	GPUs_GPU_4f5546e5 = [ Id = "GPU-4f5546e5"; ClockMhz = 1740.0; Capability = 8.6; CoresPerCU = 128; DeviceName = "NVIDIA GeForce RTX 3080"; DeviceUuid = "4f5546e5-85fb-0043-df1e-f26c6301d1af"; ECCEnabled = false; ComputeUnits = 68; DriverVersion = 13.0; DevicePciBusId = "0000:3B:00.0"; GlobalMemoryMb = 9875; MaxSupportedVersion = 13000 ]
	Memory = 1100
...
006 (3368205.000.000) 2025-12-16 12:26:48 Image size of job updated: 87532
	86  -  MemoryUsage of job (MB)
	87532  -  ResidentSetSize of job (KB)
...
006 (3368205.000.000) 2025-12-16 12:31:48 Image size of job updated: 2456016
	1916  -  MemoryUsage of job (MB)
	1961500  -  ResidentSetSize of job (KB)
...
012 (3368205.000.000) 2025-12-16 12:31:48 Job was held.
	memory usage exceeded request_memory
	Code 26 Subcode 0
...
013 (3368205.000.000) 2025-12-16 12:35:02 Job was released.
	via condor_release (by user condor)
...
001 (3368205.000.000) 2025-12-16 12:35:12 Job executing on host: <155.230.20.26:9618?addrs=155.230.20.26-9618+[2407-c000-c025--20-26]-9618&alias=dm01.knu.ac.kr&noUDP&sock=startd_6650_ece3>
	SlotName: slot2_1@dm01.knu.ac.kr
	AvailableGPUs = { GPUs_GPU_215d8ff6 }
	CondorScratchDir = "/home/condor/dir_1812535"
	Cpus = 1
	Disk = 1050409
	GPUs = 1
	GPUs_GPU_215d8ff6 = [ Id = "GPU-215d8ff6"; ClockMhz = 1455.0; Capability = 7.0; CoresPerCU = 64; DeviceName = "NVIDIA TITAN V"; DeviceUuid = "215d8ff6-cc87-41e5-7ee1-be62d3ae87df"; ECCEnabled = false; ComputeUnits = 80; DriverVersion = 13.0; DevicePciBusId = "0000:83:00.0"; GlobalMemoryMb = 12050; MaxSupportedVersion = 13000 ]
	Memory = 1100
...
012 (3368205.000.000) 2025-12-16 12:35:12 Job was held.
	memory usage exceeded request_memory
	Code 26 Subcode 0
...
012 (3368205.000.000) 2025-12-16 12:35:54 Job was held.
	via condor_hold (by user eoyun)
	Code 1 Subcode 0
...
013 (3368205.000.000) 2025-12-16 12:36:15 Job was released.
	via condor_release (by user eoyun)
...
001 (3368205.000.000) 2025-12-16 12:36:17 Job executing on host: <155.230.20.26:9618?addrs=155.230.20.26-9618+[2407-c000-c025--20-26]-9618&alias=dm01.knu.ac.kr&noUDP&sock=startd_6650_ece3>
	SlotName: slot2_1@dm01.knu.ac.kr
	AvailableGPUs = { GPUs_GPU_215d8ff6 }
	CondorScratchDir = "/home/condor/dir_1812600"
	Cpus = 1
	Disk = 1050409
	GPUs = 1
	GPUs_GPU_215d8ff6 = [ Id = "GPU-215d8ff6"; ClockMhz = 1455.0; Capability = 7.0; CoresPerCU = 64; DeviceName = "NVIDIA TITAN V"; DeviceUuid = "215d8ff6-cc87-41e5-7ee1-be62d3ae87df"; ECCEnabled = false; ComputeUnits = 80; DriverVersion = 13.0; DevicePciBusId = "0000:83:00.0"; GlobalMemoryMb = 12050; MaxSupportedVersion = 13000 ]
	Memory = 1100
...
012 (3368205.000.000) 2025-12-16 12:36:17 Job was held.
	memory usage exceeded request_memory
	Code 26 Subcode 0
...
013 (3368205.000.000) 2025-12-16 12:40:01 Job was released.
	via condor_release (by user condor)
...
001 (3368205.000.000) 2025-12-16 12:40:08 Job executing on host: <155.230.20.26:9618?addrs=155.230.20.26-9618+[2407-c000-c025--20-26]-9618&alias=dm01.knu.ac.kr&noUDP&sock=startd_6650_ece3>
	SlotName: slot2_1@dm01.knu.ac.kr
	AvailableGPUs = { GPUs_GPU_215d8ff6 }
	CondorScratchDir = "/home/condor/dir_1814238"
	Cpus = 1
	Disk = 1050409
	GPUs = 1
	GPUs_GPU_215d8ff6 = [ Id = "GPU-215d8ff6"; ClockMhz = 1455.0; Capability = 7.0; CoresPerCU = 64; DeviceName = "NVIDIA TITAN V"; DeviceUuid = "215d8ff6-cc87-41e5-7ee1-be62d3ae87df"; ECCEnabled = false; ComputeUnits = 80; DriverVersion = 13.0; DevicePciBusId = "0000:83:00.0"; GlobalMemoryMb = 12050; MaxSupportedVersion = 13000 ]
	Memory = 1100
...
012 (3368205.000.000) 2025-12-16 12:40:08 Job was held.
	memory usage exceeded request_memory
	Code 26 Subcode 0
...
013 (3368205.000.000) 2025-12-16 12:45:01 Job was released.
	via condor_release (by user condor)
...
001 (3368205.000.000) 2025-12-16 12:45:25 Job executing on host: <155.230.21.129:9618?addrs=155.230.21.129-9618+[2407-c000-c025--21-129]-9618&alias=cluster329.knu.ac.kr&noUDP&sock=startd_2299_8052>
	SlotName: slot2_1@cluster329.knu.ac.kr
	AvailableGPUs = { GPUs_GPU_4f5546e5 }
	CondorScratchDir = "/home/condor/dir_2186150"
	Cpus = 1
	Disk = 1050374
	GPUs = 1
	GPUs_GPU_4f5546e5 = [ Id = "GPU-4f5546e5"; ClockMhz = 1740.0; Capability = 8.6; CoresPerCU = 128; DeviceName = "NVIDIA GeForce RTX 3080"; DeviceUuid = "4f5546e5-85fb-0043-df1e-f26c6301d1af"; ECCEnabled = false; ComputeUnits = 68; DriverVersion = 13.0; DevicePciBusId = "0000:3B:00.0"; GlobalMemoryMb = 9875; MaxSupportedVersion = 13000 ]
	Memory = 1100
...
012 (3368205.000.000) 2025-12-16 12:45:25 Job was held.
	memory usage exceeded request_memory
	Code 26 Subcode 0
...
013 (3368205.000.000) 2025-12-16 12:50:01 Job was released.
	via condor_release (by user condor)
...
001 (3368205.000.000) 2025-12-16 12:50:06 Job executing on host: <155.230.21.129:9618?addrs=155.230.21.129-9618+[2407-c000-c025--21-129]-9618&alias=cluster329.knu.ac.kr&noUDP&sock=startd_2299_8052>
	SlotName: slot2_1@cluster329.knu.ac.kr
	AvailableGPUs = { GPUs_GPU_4f5546e5 }
	CondorScratchDir = "/home/condor/dir_2187381"
	Cpus = 1
	Disk = 1050374
	GPUs = 1
	GPUs_GPU_4f5546e5 = [ Id = "GPU-4f5546e5"; ClockMhz = 1740.0; Capability = 8.6; CoresPerCU = 128; DeviceName = "NVIDIA GeForce RTX 3080"; DeviceUuid = "4f5546e5-85fb-0043-df1e-f26c6301d1af"; ECCEnabled = false; ComputeUnits = 68; DriverVersion = 13.0; DevicePciBusId = "0000:3B:00.0"; GlobalMemoryMb = 9875; MaxSupportedVersion = 13000 ]
	Memory = 1100
...
012 (3368205.000.000) 2025-12-16 12:50:06 Job was held.
	memory usage exceeded request_memory
	Code 26 Subcode 0
...
013 (3368205.000.000) 2025-12-16 12:55:01 Job was released.
	via condor_release (by user condor)
...
001 (3368205.000.000) 2025-12-16 12:55:11 Job executing on host: <155.230.21.129:9618?addrs=155.230.21.129-9618+[2407-c000-c025--21-129]-9618&alias=cluster329.knu.ac.kr&noUDP&sock=startd_2299_8052>
	SlotName: slot2_1@cluster329.knu.ac.kr
	AvailableGPUs = { GPUs_GPU_4f5546e5 }
	CondorScratchDir = "/home/condor/dir_2188305"
	Cpus = 1
	Disk = 1050374
	GPUs = 1
	GPUs_GPU_4f5546e5 = [ Id = "GPU-4f5546e5"; ClockMhz = 1740.0; Capability = 8.6; CoresPerCU = 128; DeviceName = "NVIDIA GeForce RTX 3080"; DeviceUuid = "4f5546e5-85fb-0043-df1e-f26c6301d1af"; ECCEnabled = false; ComputeUnits = 68; DriverVersion = 13.0; DevicePciBusId = "0000:3B:00.0"; GlobalMemoryMb = 9875; MaxSupportedVersion = 13000 ]
	Memory = 1100
...
012 (3368205.000.000) 2025-12-16 12:55:11 Job was held.
	memory usage exceeded request_memory
	Code 26 Subcode 0
...
013 (3368205.000.000) 2025-12-16 13:00:01 Job was released.
	via condor_release (by user condor)
...
001 (3368205.000.000) 2025-12-16 13:00:14 Job executing on host: <155.230.21.129:9618?addrs=155.230.21.129-9618+[2407-c000-c025--21-129]-9618&alias=cluster329.knu.ac.kr&noUDP&sock=startd_2299_8052>
	SlotName: slot2_1@cluster329.knu.ac.kr
	AvailableGPUs = { GPUs_GPU_4f5546e5 }
	CondorScratchDir = "/home/condor/dir_2191877"
	Cpus = 1
	Disk = 1050374
	GPUs = 1
	GPUs_GPU_4f5546e5 = [ Id = "GPU-4f5546e5"; ClockMhz = 1740.0; Capability = 8.6; CoresPerCU = 128; DeviceName = "NVIDIA GeForce RTX 3080"; DeviceUuid = "4f5546e5-85fb-0043-df1e-f26c6301d1af"; ECCEnabled = false; ComputeUnits = 68; DriverVersion = 13.0; DevicePciBusId = "0000:3B:00.0"; GlobalMemoryMb = 9875; MaxSupportedVersion = 13000 ]
	Memory = 1100
...
012 (3368205.000.000) 2025-12-16 13:00:14 Job was held.
	memory usage exceeded request_memory
	Code 26 Subcode 0
...
013 (3368205.000.000) 2025-12-16 13:05:02 Job was released.
	via condor_release (by user condor)
...
001 (3368205.000.000) 2025-12-16 13:05:10 Job executing on host: <155.230.21.129:9618?addrs=155.230.21.129-9618+[2407-c000-c025--21-129]-9618&alias=cluster329.knu.ac.kr&noUDP&sock=startd_2299_8052>
	SlotName: slot2_1@cluster329.knu.ac.kr
	AvailableGPUs = { GPUs_GPU_4f5546e5 }
	CondorScratchDir = "/home/condor/dir_2196778"
	Cpus = 1
	Disk = 1050374
	GPUs = 1
	GPUs_GPU_4f5546e5 = [ Id = "GPU-4f5546e5"; ClockMhz = 1740.0; Capability = 8.6; CoresPerCU = 128; DeviceName = "NVIDIA GeForce RTX 3080"; DeviceUuid = "4f5546e5-85fb-0043-df1e-f26c6301d1af"; ECCEnabled = false; ComputeUnits = 68; DriverVersion = 13.0; DevicePciBusId = "0000:3B:00.0"; GlobalMemoryMb = 9875; MaxSupportedVersion = 13000 ]
	Memory = 1100
...
012 (3368205.000.000) 2025-12-16 13:05:11 Job was held.
	memory usage exceeded request_memory
	Code 26 Subcode 0
...
013 (3368205.000.000) 2025-12-16 13:10:02 Job was released.
	via condor_release (by user condor)
...
001 (3368205.000.000) 2025-12-16 13:10:09 Job executing on host: <155.230.21.129:9618?addrs=155.230.21.129-9618+[2407-c000-c025--21-129]-9618&alias=cluster329.knu.ac.kr&noUDP&sock=startd_2299_8052>
	SlotName: slot2_1@cluster329.knu.ac.kr
	AvailableGPUs = { GPUs_GPU_4f5546e5 }
	CondorScratchDir = "/home/condor/dir_2200162"
	Cpus = 1
	Disk = 1050374
	GPUs = 1
	GPUs_GPU_4f5546e5 = [ Id = "GPU-4f5546e5"; ClockMhz = 1740.0; Capability = 8.6; CoresPerCU = 128; DeviceName = "NVIDIA GeForce RTX 3080"; DeviceUuid = "4f5546e5-85fb-0043-df1e-f26c6301d1af"; ECCEnabled = false; ComputeUnits = 68; DriverVersion = 13.0; DevicePciBusId = "0000:3B:00.0"; GlobalMemoryMb = 9875; MaxSupportedVersion = 13000 ]
	Memory = 1100
...
012 (3368205.000.000) 2025-12-16 13:10:09 Job was held.
	memory usage exceeded request_memory
	Code 26 Subcode 0
...
013 (3368205.000.000) 2025-12-16 13:15:01 Job was released.
	via condor_release (by user condor)
...
001 (3368205.000.000) 2025-12-16 13:15:09 Job executing on host: <155.230.21.129:9618?addrs=155.230.21.129-9618+[2407-c000-c025--21-129]-9618&alias=cluster329.knu.ac.kr&noUDP&sock=startd_2299_8052>
	SlotName: slot2_1@cluster329.knu.ac.kr
	AvailableGPUs = { GPUs_GPU_4f5546e5 }
	CondorScratchDir = "/home/condor/dir_2201702"
	Cpus = 1
	Disk = 1050374
	GPUs = 1
	GPUs_GPU_4f5546e5 = [ Id = "GPU-4f5546e5"; ClockMhz = 1740.0; Capability = 8.6; CoresPerCU = 128; DeviceName = "NVIDIA GeForce RTX 3080"; DeviceUuid = "4f5546e5-85fb-0043-df1e-f26c6301d1af"; ECCEnabled = false; ComputeUnits = 68; DriverVersion = 13.0; DevicePciBusId = "0000:3B:00.0"; GlobalMemoryMb = 9875; MaxSupportedVersion = 13000 ]
	Memory = 1100
...
012 (3368205.000.000) 2025-12-16 13:15:10 Job was held.
	memory usage exceeded request_memory
	Code 26 Subcode 0
...
009 (3368205.000.000) 2025-12-16 13:16:26 Job was aborted.
	via condor_rm (by user eoyun)
...
