000 (3819500.000.000) 2025-12-18 14:49:20 Job submitted from host: <155.230.20.251:9618?addrs=155.230.20.251-9618&alias=cms.knu.ac.kr&noUDP&sock=schedd_1657_2484>
...
001 (3819500.000.000) 2025-12-18 14:58:21 Job executing on host: <155.230.20.27:9618?addrs=155.230.20.27-9618+[2407-c000-c025--20-27]-9618&alias=dm02.knu.ac.kr&noUDP&sock=startd_2502_be0b>
	SlotName: slot2_1@dm02.knu.ac.kr
	AvailableGPUs = { GPUs_GPU_306333fa }
	CondorScratchDir = "/home/condor/dir_3539270"
	Cpus = 1
	Disk = 5244700
	GPUs = 1
	GPUs_GPU_306333fa = [ Id = "GPU-306333fa"; ClockMhz = 1582.0; Capability = 6.1; CoresPerCU = 128; DeviceName = "NVIDIA TITAN Xp"; DeviceUuid = "306333fa-f14e-97ee-50cf-e507e5799f93"; ECCEnabled = false; ComputeUnits = 30; DriverVersion = 13.0; DevicePciBusId = "0000:82:00.0"; GlobalMemoryMb = 12183; MaxSupportedVersion = 13000 ]
	Memory = 51200
...
006 (3819500.000.000) 2025-12-18 14:58:30 Image size of job updated: 54132
	53  -  MemoryUsage of job (MB)
	54132  -  ResidentSetSize of job (KB)
...
006 (3819500.000.000) 2025-12-18 15:03:31 Image size of job updated: 2372468
	1807  -  MemoryUsage of job (MB)
	1850280  -  ResidentSetSize of job (KB)
...
006 (3819500.000.000) 2025-12-18 15:08:31 Image size of job updated: 2372468
	1970  -  MemoryUsage of job (MB)
	2016768  -  ResidentSetSize of job (KB)
...
006 (3819500.000.000) 2025-12-18 15:38:34 Image size of job updated: 5068520
	4950  -  MemoryUsage of job (MB)
	5068520  -  ResidentSetSize of job (KB)
...
006 (3819500.000.000) 2025-12-18 15:43:35 Image size of job updated: 6956432
	6794  -  MemoryUsage of job (MB)
	6956432  -  ResidentSetSize of job (KB)
...
006 (3819500.000.000) 2025-12-18 15:48:35 Image size of job updated: 7786196
	7530  -  MemoryUsage of job (MB)
	7710016  -  ResidentSetSize of job (KB)
...
006 (3819500.000.000) 2025-12-18 15:53:35 Image size of job updated: 8057284
	7827  -  MemoryUsage of job (MB)
	8014400  -  ResidentSetSize of job (KB)
...
012 (3819500.000.000) 2025-12-18 15:58:39 Job was held.
	too much request_memory: (RequestMemory - MemoryUsage) > 2048
	Code 26 Subcode 0
...
013 (3819500.000.000) 2025-12-18 16:00:18 Job was released.
	via condor_release (by user condor)
...
001 (3819500.000.000) 2025-12-18 16:06:20 Job executing on host: <155.230.21.129:9618?addrs=155.230.21.129-9618+[2407-c000-c025--21-129]-9618&alias=cluster329.knu.ac.kr&noUDP&sock=startd_2299_8052>
	SlotName: slot2_1@cluster329.knu.ac.kr
	AvailableGPUs = { GPUs_GPU_4f5546e5 }
	CondorScratchDir = "/home/condor/dir_3908468"
	Cpus = 1
	Disk = 5244678
	GPUs = 1
	GPUs_GPU_4f5546e5 = [ Id = "GPU-4f5546e5"; ClockMhz = 1740.0; Capability = 8.6; CoresPerCU = 128; DeviceName = "NVIDIA GeForce RTX 3080"; DeviceUuid = "4f5546e5-85fb-0043-df1e-f26c6301d1af"; ECCEnabled = false; ComputeUnits = 68; DriverVersion = 13.0; DevicePciBusId = "0000:3B:00.0"; GlobalMemoryMb = 9875; MaxSupportedVersion = 13000 ]
	Memory = 10800
...
022 (3819500.000.000) 2025-12-19 15:26:37 Job disconnected, attempting to reconnect
    Local schedd and job shadow died, schedd now running again
    Trying to reconnect to slot2_1@cluster329.knu.ac.kr <155.230.21.129:9618?addrs=155.230.21.129-9618+[2407-c000-c025--21-129]-9618&alias=cluster329.knu.ac.kr&noUDP&sock=startd_2299_8052>
...
023 (3819500.000.000) 2025-12-19 15:28:19 Job reconnected to slot2_1@cluster329.knu.ac.kr
    startd address: <155.230.21.129:9618?addrs=155.230.21.129-9618+[2407-c000-c025--21-129]-9618&alias=cluster329.knu.ac.kr&noUDP&sock=startd_2299_8052>
    starter address: <155.230.21.129:9618?addrs=155.230.21.129-9618+[2407-c000-c025--21-129]-9618&alias=cluster329.knu.ac.kr&noUDP&sock=slot2_1_25489_0e66_31067>
...
009 (3819500.000.000) 2025-12-20 11:46:52 Job was aborted.
	exceeded CPU time
...
