=== Hostname ===
cluster329.knu.ac.kr
=== Date ===
Tue Dec 16 13:17:01 KST 2025
=== nvidia-smi inside container ===
Using TensorFlow backend
       Unnamed: 0.2  Unnamed: 0.1  ...          pT         E5x5
0           4485611       4541219  ...   96.690193   329.375820
1           2064233       2069467  ...  218.630371  1225.136200
2            858355        860884  ...  122.430870   581.876460
3           2417123       2424026  ...  154.856873   683.199650
4           3481668       3507740  ...  287.029297   926.588560
...             ...           ...  ...         ...          ...
29995       3092890       3102967  ...   83.779999   207.085950
29996       2066427       2072601  ...  301.548615  1263.554100
29997        855174        856715  ...   41.754860   119.735916
29998       3092507       3102228  ...  115.302345   630.668700
29999       2064709       2070145  ...  362.643799  1092.679100

[30000 rows x 13 columns]
       Unnamed: 0.2  Unnamed: 0.1  ...         pT        E5x5
0            815634        815634  ...   4.843151    0.000000
1            144512        144512  ...   8.608667   39.089386
2           1135507       1140566  ...   6.427222   25.896183
3            236297        236297  ...   9.842376   13.201565
4           1937731       1942790  ...   9.617797   22.561893
...             ...           ...  ...        ...         ...
29995       1550321       1555380  ...  65.845268  266.148740
29996       4336873       4378571  ...  45.968021  147.283100
29997       3831704       3873402  ...  27.482475  108.871110
29998       3194645       3211122  ...  22.542248   52.293327
29999       1901588       1906647  ...  56.525169  320.371030

[30000 rows x 13 columns]
       Unnamed: 0.2  Unnamed: 0.1  ...         pT        E5x5
0           3953857       3995555  ...   1.417527    0.000000
1           4175715       4217413  ...   6.698925    6.469199
2            330171        330171  ...   3.153281    0.000000
3            165310        165310  ...   3.991230    0.000000
4           2110949       2117179  ...   4.346168    0.000000
...             ...           ...  ...        ...         ...
27902       4297947       4339645  ...   3.048139    0.000000
27903       3982048       4023746  ...  24.901941   90.690920
27904        590754        590754  ...   2.815215    0.000000
27905       3319867       3336344  ...  61.279587  235.698270
27906       2663178       2672099  ...  18.106239   66.710530

[27907 rows x 13 columns]
       Unnamed: 0.2  Unnamed: 0.1  ...          pT        E5x5
0           1946843       1951902  ...   25.949356   76.343290
1           1815520       1820579  ...   31.604851  148.847430
2           3463268       3479745  ...   51.996822  178.229310
3           3621698       3656105  ...   32.275330  169.302570
4           2916563       2925484  ...   33.961369  129.472780
...             ...           ...  ...         ...         ...
87902       4485492       4541063  ...   86.889137  450.290920
87903       2298524       2304754  ...  116.863327  292.806980
87904       1228254       1233313  ...   15.808274   21.221304
87905       3481860       3508056  ...  102.874786  511.502300
87906       3478857       3497386  ...   78.795212  429.741670

[87907 rows x 13 columns]
